<?xml version="1.0" encoding="UTF-8"?>
<!-- Generated by org.testng.reporters.JUnitReportReporter -->
<testsuite hostname="IN-HTJWDK3" failures="0" tests="1" name="testcases.NewUserJourney" time="12.759" errors="0" timestamp="02 Aug 2023 13:38:47 GMT" skipped="0">
  <testcase classname="testcases.NewUserJourney" name="loginAccount" time="12.759"/>
</testsuite> <!-- testcases.NewUserJourney -->
