<?xml version="1.0" encoding="UTF-8"?>
<!-- Generated by org.testng.reporters.JUnitReportReporter -->
<testsuite hostname="IN-HTJWDK3" failures="0" tests="1" name="testcases.NewUserJourney" time="6.223" errors="0" timestamp="03 Aug 2023 15:24:09 GMT" skipped="0">
  <testcase classname="testcases.NewUserJourney" name="loginAccount" time="6.223"/>
</testsuite> <!-- testcases.NewUserJourney -->
