<?xml version="1.0" encoding="UTF-8"?>
<!-- Generated by org.testng.reporters.JUnitReportReporter -->
<testsuite hostname="IN-HTJWDK3" failures="0" tests="1" name="testcases.mytheresa.NewUserJourney" time="12.992" errors="0" timestamp="02 Aug 2023 07:59:28 GMT" skipped="0">
  <testcase classname="testcases.mytheresa.NewUserJourney" name="accountCreate" time="12.992"/>
</testsuite> <!-- testcases.mytheresa.NewUserJourney -->
