<?xml version="1.0" encoding="UTF-8"?>
<!-- Generated by org.testng.reporters.JUnitReportReporter -->
<testsuite hostname="IN-HTJWDK3" failures="0" tests="1" name="testcases.mytheresa.NewUserJourney" time="6.052" errors="0" timestamp="01 Aug 2023 11:43:16 GMT" skipped="0">
  <testcase classname="testcases.mytheresa.NewUserJourney" name="accountCreate" time="6.052"/>
</testsuite> <!-- testcases.mytheresa.NewUserJourney -->
