<?xml version="1.0" encoding="UTF-8"?>
<!-- Generated by org.testng.reporters.JUnitReportReporter -->
<testsuite hostname="IN-HTJWDK3" failures="0" tests="1" name="testcases.NewUserJourney" time="14.587" errors="0" timestamp="02 Aug 2023 11:11:01 GMT" skipped="0">
  <testcase classname="testcases.NewUserJourney" name="loginAccount" time="14.587"/>
</testsuite> <!-- testcases.NewUserJourney -->
